mode: atomic
github.com/yildizm/go-termfmt/colors.go:52.41,81.2 1 2
github.com/yildizm/go-termfmt/colors.go:94.42,103.2 1 1
github.com/yildizm/go-termfmt/colors.go:106.47,115.2 1 0
github.com/yildizm/go-termfmt/colors.go:118.65,119.37 1 0
github.com/yildizm/go-termfmt/colors.go:119.37,121.3 1 0
github.com/yildizm/go-termfmt/colors.go:123.2,123.29 1 0
github.com/yildizm/go-termfmt/colors.go:131.10,132.37 1 0
github.com/yildizm/go-termfmt/colors.go:132.37,134.3 1 0
github.com/yildizm/go-termfmt/colors.go:136.2,138.19 2 0
github.com/yildizm/go-termfmt/colors.go:139.15,140.24 1 0
github.com/yildizm/go-termfmt/colors.go:141.17,142.26 1 0
github.com/yildizm/go-termfmt/colors.go:143.14,144.23 1 0
github.com/yildizm/go-termfmt/colors.go:145.17,146.26 1 0
github.com/yildizm/go-termfmt/colors.go:147.16,148.25 1 0
github.com/yildizm/go-termfmt/colors.go:149.15,150.24 1 0
github.com/yildizm/go-termfmt/colors.go:151.10,152.14 1 0
github.com/yildizm/go-termfmt/colors.go:155.2,155.29 1 0
github.com/yildizm/go-termfmt/colors.go:159.57,160.51 1 2
github.com/yildizm/go-termfmt/colors.go:160.51,162.18 1 2
github.com/yildizm/go-termfmt/colors.go:162.18,164.4 1 1
github.com/yildizm/go-termfmt/colors.go:167.3,167.23 1 1
github.com/yildizm/go-termfmt/colors.go:167.23,169.4 1 0
github.com/yildizm/go-termfmt/colors.go:171.3,171.20 1 1
github.com/yildizm/go-termfmt/colors.go:174.2,174.14 1 0
github.com/yildizm/go-termfmt/colors.go:178.58,180.2 1 0
github.com/yildizm/go-termfmt/colors.go:183.76,187.35 3 1
github.com/yildizm/go-termfmt/colors.go:187.35,190.3 2 0
github.com/yildizm/go-termfmt/colors.go:190.8,193.3 2 1
github.com/yildizm/go-termfmt/colors.go:195.2,196.17 2 1
github.com/yildizm/go-termfmt/colors.go:196.17,198.3 1 1
github.com/yildizm/go-termfmt/colors.go:200.2,200.37 1 1
github.com/yildizm/go-termfmt/colors.go:200.37,201.20 1 10
github.com/yildizm/go-termfmt/colors.go:201.20,203.4 1 5
github.com/yildizm/go-termfmt/colors.go:203.9,205.4 1 5
github.com/yildizm/go-termfmt/colors.go:208.2,208.17 1 1
github.com/yildizm/go-termfmt/colors.go:208.17,210.3 1 1
github.com/yildizm/go-termfmt/colors.go:212.2,212.19 1 1
github.com/yildizm/go-termfmt/colors.go:216.27,219.16 2 0
github.com/yildizm/go-termfmt/colors.go:219.16,221.3 1 0
github.com/yildizm/go-termfmt/colors.go:224.2,232.39 2 0
github.com/yildizm/go-termfmt/colors.go:232.39,233.40 1 0
github.com/yildizm/go-termfmt/colors.go:233.40,235.4 1 0
github.com/yildizm/go-termfmt/colors.go:239.2,239.33 1 0
github.com/yildizm/go-termfmt/colors.go:239.33,241.3 1 0
github.com/yildizm/go-termfmt/colors.go:244.2,244.36 1 0
github.com/yildizm/go-termfmt/colors.go:244.36,246.3 1 0
github.com/yildizm/go-termfmt/colors.go:248.2,248.14 1 0
github.com/yildizm/go-termfmt/colors.go:252.27,255.40 2 1
github.com/yildizm/go-termfmt/colors.go:255.40,257.3 1 1
github.com/yildizm/go-termfmt/colors.go:260.2,260.37 1 0
github.com/yildizm/go-termfmt/colors.go:260.37,262.3 1 0
github.com/yildizm/go-termfmt/colors.go:264.2,264.14 1 0
github.com/yildizm/go-termfmt/colors.go:268.74,269.37 1 0
github.com/yildizm/go-termfmt/colors.go:269.37,271.3 1 0
github.com/yildizm/go-termfmt/colors.go:273.2,275.31 2 0
github.com/yildizm/go-termfmt/colors.go:275.31,276.16 1 0
github.com/yildizm/go-termfmt/colors.go:277.15,278.31 1 0
github.com/yildizm/go-termfmt/colors.go:279.14,280.30 1 0
github.com/yildizm/go-termfmt/colors.go:281.17,282.33 1 0
github.com/yildizm/go-termfmt/colors.go:283.14,284.30 1 0
github.com/yildizm/go-termfmt/colors.go:285.16,286.32 1 0
github.com/yildizm/go-termfmt/colors.go:287.17,288.33 1 0
github.com/yildizm/go-termfmt/colors.go:289.15,290.31 1 0
github.com/yildizm/go-termfmt/colors.go:291.18,292.34 1 0
github.com/yildizm/go-termfmt/colors.go:293.15,294.31 1 0
github.com/yildizm/go-termfmt/colors.go:295.16,296.32 1 0
github.com/yildizm/go-termfmt/colors.go:300.2,300.21 1 0
github.com/yildizm/go-termfmt/colors.go:300.21,302.3 1 0
github.com/yildizm/go-termfmt/colors.go:304.2,304.47 1 0
github.com/yildizm/go-termfmt/colors.go:308.57,309.35 1 0
github.com/yildizm/go-termfmt/colors.go:309.35,311.3 1 0
github.com/yildizm/go-termfmt/colors.go:313.2,313.14 1 0
github.com/yildizm/go-termfmt/colors.go:317.59,318.35 1 0
github.com/yildizm/go-termfmt/colors.go:318.35,320.3 1 0
github.com/yildizm/go-termfmt/colors.go:322.2,322.14 1 0
github.com/yildizm/go-termfmt/colors.go:326.55,327.35 1 0
github.com/yildizm/go-termfmt/colors.go:327.35,329.3 1 0
github.com/yildizm/go-termfmt/colors.go:331.2,331.13 1 0
github.com/yildizm/go-termfmt/colors.go:335.57,336.35 1 0
github.com/yildizm/go-termfmt/colors.go:336.35,338.3 1 0
github.com/yildizm/go-termfmt/colors.go:340.2,340.13 1 0
github.com/yildizm/go-termfmt/colors.go:344.57,345.35 1 0
github.com/yildizm/go-termfmt/colors.go:345.35,347.3 1 0
github.com/yildizm/go-termfmt/colors.go:349.2,349.13 1 0
github.com/yildizm/go-termfmt/colors.go:353.55,354.35 1 0
github.com/yildizm/go-termfmt/colors.go:354.35,356.3 1 0
github.com/yildizm/go-termfmt/colors.go:358.2,358.13 1 0
github.com/yildizm/go-termfmt/colors.go:362.54,363.35 1 0
github.com/yildizm/go-termfmt/colors.go:363.35,365.3 1 0
github.com/yildizm/go-termfmt/colors.go:367.2,367.13 1 0
github.com/yildizm/go-termfmt/components.go:18.40,20.2 1 1
github.com/yildizm/go-termfmt/components.go:23.74,24.17 1 1
github.com/yildizm/go-termfmt/components.go:24.17,26.3 1 0
github.com/yildizm/go-termfmt/components.go:28.2,28.34 1 1
github.com/yildizm/go-termfmt/components.go:32.39,34.21 2 0
github.com/yildizm/go-termfmt/components.go:34.21,36.3 1 0
github.com/yildizm/go-termfmt/components.go:39.2,40.29 2 0
github.com/yildizm/go-termfmt/components.go:40.29,41.25 1 0
github.com/yildizm/go-termfmt/components.go:41.25,43.4 1 0
github.com/yildizm/go-termfmt/components.go:46.2,52.29 3 0
github.com/yildizm/go-termfmt/components.go:52.29,55.3 2 0
github.com/yildizm/go-termfmt/components.go:58.2,60.19 2 0
github.com/yildizm/go-termfmt/components.go:64.46,70.29 4 1
github.com/yildizm/go-termfmt/components.go:70.29,71.25 1 1
github.com/yildizm/go-termfmt/components.go:71.25,73.4 1 1
github.com/yildizm/go-termfmt/components.go:76.2,85.29 6 1
github.com/yildizm/go-termfmt/components.go:85.29,88.3 2 1
github.com/yildizm/go-termfmt/components.go:91.2,93.19 2 1
github.com/yildizm/go-termfmt/components.go:97.54,99.2 1 1
github.com/yildizm/go-termfmt/components.go:102.88,103.23 1 1
github.com/yildizm/go-termfmt/components.go:103.23,105.3 1 0
github.com/yildizm/go-termfmt/components.go:108.2,109.33 2 1
github.com/yildizm/go-termfmt/components.go:109.33,111.3 1 2
github.com/yildizm/go-termfmt/components.go:113.2,113.27 1 1
github.com/yildizm/go-termfmt/components.go:113.27,114.28 1 2
github.com/yildizm/go-termfmt/components.go:114.28,115.54 1 4
github.com/yildizm/go-termfmt/components.go:115.54,117.5 1 1
github.com/yildizm/go-termfmt/components.go:121.2,126.33 3 1
github.com/yildizm/go-termfmt/components.go:126.33,129.3 2 2
github.com/yildizm/go-termfmt/components.go:131.2,136.34 3 1
github.com/yildizm/go-termfmt/components.go:136.34,139.27 2 2
github.com/yildizm/go-termfmt/components.go:139.27,141.4 1 1
github.com/yildizm/go-termfmt/components.go:144.2,147.27 2 1
github.com/yildizm/go-termfmt/components.go:147.27,150.28 2 2
github.com/yildizm/go-termfmt/components.go:150.28,151.26 1 4
github.com/yildizm/go-termfmt/components.go:151.26,154.5 2 4
github.com/yildizm/go-termfmt/components.go:157.3,157.22 1 2
github.com/yildizm/go-termfmt/components.go:160.2,160.44 1 1
github.com/yildizm/go-termfmt/components.go:164.54,166.2 1 1
github.com/yildizm/go-termfmt/components.go:169.88,170.20 1 1
github.com/yildizm/go-termfmt/components.go:170.20,172.3 1 0
github.com/yildizm/go-termfmt/components.go:175.2,178.33 3 1
github.com/yildizm/go-termfmt/components.go:178.33,179.23 1 3
github.com/yildizm/go-termfmt/components.go:179.23,181.4 1 2
github.com/yildizm/go-termfmt/components.go:183.3,183.31 1 3
github.com/yildizm/go-termfmt/components.go:183.31,185.4 1 1
github.com/yildizm/go-termfmt/components.go:188.2,188.19 1 1
github.com/yildizm/go-termfmt/components.go:188.19,190.3 1 0
github.com/yildizm/go-termfmt/components.go:192.2,196.33 3 1
github.com/yildizm/go-termfmt/components.go:196.33,206.17 5 3
github.com/yildizm/go-termfmt/components.go:206.17,209.4 2 3
github.com/yildizm/go-termfmt/components.go:209.9,212.4 2 0
github.com/yildizm/go-termfmt/components.go:215.3,215.48 1 3
github.com/yildizm/go-termfmt/components.go:218.2,218.44 1 1
github.com/yildizm/go-termfmt/components.go:222.40,224.2 1 0
github.com/yildizm/go-termfmt/components.go:235.74,241.2 3 0
github.com/yildizm/go-termfmt/components.go:244.95,245.29 1 0
github.com/yildizm/go-termfmt/components.go:245.29,250.13 3 0
github.com/yildizm/go-termfmt/components.go:250.13,253.4 2 0
github.com/yildizm/go-termfmt/components.go:253.9,256.4 2 0
github.com/yildizm/go-termfmt/components.go:259.3,261.23 2 0
github.com/yildizm/go-termfmt/components.go:261.23,263.4 1 0
github.com/yildizm/go-termfmt/components.go:265.3,268.29 2 0
github.com/yildizm/go-termfmt/components.go:268.29,270.4 1 0
github.com/yildizm/go-termfmt/components.go:275.52,277.2 1 1
github.com/yildizm/go-termfmt/components.go:280.86,281.16 1 1
github.com/yildizm/go-termfmt/components.go:281.16,283.3 1 0
github.com/yildizm/go-termfmt/components.go:285.2,286.22 2 1
github.com/yildizm/go-termfmt/components.go:286.22,288.3 1 0
github.com/yildizm/go-termfmt/components.go:290.2,297.16 5 1
github.com/yildizm/go-termfmt/components.go:297.16,300.3 2 1
github.com/yildizm/go-termfmt/components.go:300.8,303.3 2 0
github.com/yildizm/go-termfmt/components.go:305.2,307.19 2 1
github.com/yildizm/go-termfmt/formatter.go:23.40,31.2 1 7
github.com/yildizm/go-termfmt/terminal.go:23.40,31.2 3 1
github.com/yildizm/go-termfmt/terminal.go:34.62,35.17 1 0
github.com/yildizm/go-termfmt/terminal.go:35.17,37.3 1 0
github.com/yildizm/go-termfmt/terminal.go:39.2,42.3 1 0
github.com/yildizm/go-termfmt/terminal.go:46.68,48.2 1 0
github.com/yildizm/go-termfmt/terminal.go:51.70,52.17 1 0
github.com/yildizm/go-termfmt/terminal.go:52.17,54.3 1 0
github.com/yildizm/go-termfmt/terminal.go:56.2,59.26 2 0
github.com/yildizm/go-termfmt/terminal.go:60.30,61.30 1 0
github.com/yildizm/go-termfmt/terminal.go:62.21,63.28 1 0
github.com/yildizm/go-termfmt/terminal.go:64.14,65.24 1 0
github.com/yildizm/go-termfmt/terminal.go:66.10,68.55 1 0
github.com/yildizm/go-termfmt/terminal.go:68.55,71.22 2 0
github.com/yildizm/go-termfmt/terminal.go:71.22,73.5 1 0
github.com/yildizm/go-termfmt/terminal.go:75.4,75.26 1 0
github.com/yildizm/go-termfmt/terminal.go:79.2,79.37 1 0
github.com/yildizm/go-termfmt/terminal.go:83.91,88.29 3 0
github.com/yildizm/go-termfmt/terminal.go:88.29,89.16 1 0
github.com/yildizm/go-termfmt/terminal.go:89.16,92.4 2 0
github.com/yildizm/go-termfmt/terminal.go:94.3,95.15 2 0
github.com/yildizm/go-termfmt/terminal.go:98.2,98.32 1 0
github.com/yildizm/go-termfmt/terminal.go:98.32,100.3 1 0
github.com/yildizm/go-termfmt/terminal.go:103.2,104.22 2 0
github.com/yildizm/go-termfmt/terminal.go:104.22,106.3 1 0
github.com/yildizm/go-termfmt/terminal.go:108.2,117.12 7 0
github.com/yildizm/go-termfmt/terminal.go:121.91,124.30 2 0
github.com/yildizm/go-termfmt/terminal.go:124.30,129.30 3 0
github.com/yildizm/go-termfmt/terminal.go:129.30,130.12 1 0
github.com/yildizm/go-termfmt/terminal.go:133.3,144.75 4 0
github.com/yildizm/go-termfmt/terminal.go:144.75,145.53 1 0
github.com/yildizm/go-termfmt/terminal.go:145.53,147.5 1 0
github.com/yildizm/go-termfmt/terminal.go:147.10,147.45 1 0
github.com/yildizm/go-termfmt/terminal.go:147.45,149.5 1 0
github.com/yildizm/go-termfmt/terminal.go:152.3,152.30 1 0
github.com/yildizm/go-termfmt/terminal.go:155.2,155.14 1 0
github.com/yildizm/go-termfmt/terminal.go:159.70,160.18 1 0
github.com/yildizm/go-termfmt/terminal.go:161.22,162.32 1 0
github.com/yildizm/go-termfmt/terminal.go:163.78,164.40 1 0
github.com/yildizm/go-termfmt/terminal.go:165.83,166.42 1 0
github.com/yildizm/go-termfmt/terminal.go:167.40,168.52 1 0
github.com/yildizm/go-termfmt/terminal.go:169.20,170.30 1 0
github.com/yildizm/go-termfmt/terminal.go:171.36,172.44 1 0
github.com/yildizm/go-termfmt/terminal.go:173.19,174.43 1 0
github.com/yildizm/go-termfmt/terminal.go:175.38,176.33 1 0
github.com/yildizm/go-termfmt/terminal.go:177.22,178.46 1 0
github.com/yildizm/go-termfmt/terminal.go:180.53,181.33 1 0
github.com/yildizm/go-termfmt/terminal.go:182.10,183.39 1 0
github.com/yildizm/go-termfmt/terminal.go:188.71,190.31 2 0
github.com/yildizm/go-termfmt/terminal.go:190.31,192.3 1 0
github.com/yildizm/go-termfmt/terminal.go:194.2,194.31 1 0
github.com/yildizm/go-termfmt/terminal.go:198.69,199.14 1 0
github.com/yildizm/go-termfmt/terminal.go:199.14,201.3 1 0
github.com/yildizm/go-termfmt/terminal.go:203.2,203.34 1 0
github.com/yildizm/go-termfmt/terminal.go:207.72,208.15 1 0
github.com/yildizm/go-termfmt/terminal.go:208.15,210.3 1 0
github.com/yildizm/go-termfmt/terminal.go:212.2,212.37 1 0
github.com/yildizm/go-termfmt/terminal.go:216.72,217.18 1 0
github.com/yildizm/go-termfmt/terminal.go:218.23,219.37 1 0
github.com/yildizm/go-termfmt/terminal.go:220.23,221.39 1 0
github.com/yildizm/go-termfmt/terminal.go:222.45,223.40 1 0
github.com/yildizm/go-termfmt/terminal.go:224.20,225.50 1 0
github.com/yildizm/go-termfmt/terminal.go:226.20,227.43 1 0
github.com/yildizm/go-termfmt/terminal.go:228.29,229.58 1 0
github.com/yildizm/go-termfmt/terminal.go:233.75,235.39 1 0
github.com/yildizm/go-termfmt/terminal.go:236.10,237.39 1 0
github.com/yildizm/go-termfmt/terminal.go:246.3,247.31 1 0
github.com/yildizm/go-termfmt/terminal.go:247.31,253.28 4 0
github.com/yildizm/go-termfmt/terminal.go:254.31,256.39 2 0
github.com/yildizm/go-termfmt/terminal.go:257.22,258.47 1 0
github.com/yildizm/go-termfmt/terminal.go:259.15,260.31 1 0
github.com/yildizm/go-termfmt/terminal.go:260.31,262.5 1 0
github.com/yildizm/go-termfmt/terminal.go:264.4,264.51 1 0
github.com/yildizm/go-termfmt/terminal.go:265.12,266.54 1 0
github.com/yildizm/go-termfmt/terminal.go:267.11,268.34 1 0
github.com/yildizm/go-termfmt/terminal.go:274.86,279.28 4 0
github.com/yildizm/go-termfmt/terminal.go:279.28,282.27 2 0
github.com/yildizm/go-termfmt/terminal.go:283.31,286.29 3 0
github.com/yildizm/go-termfmt/terminal.go:287.15,288.51 1 0
github.com/yildizm/go-termfmt/terminal.go:289.12,290.54 1 0
github.com/yildizm/go-termfmt/terminal.go:291.11,292.34 1 0
github.com/yildizm/go-termfmt/terminal.go:298.85,299.17 1 0
github.com/yildizm/go-termfmt/terminal.go:299.17,301.3 1 0
github.com/yildizm/go-termfmt/terminal.go:303.2,303.46 1 0
github.com/yildizm/go-termfmt/terminal.go:307.71,308.17 1 0
github.com/yildizm/go-termfmt/terminal.go:308.17,310.3 1 0
github.com/yildizm/go-termfmt/terminal.go:312.2,312.45 1 0
github.com/yildizm/go-termfmt/terminal.go:316.85,317.17 1 0
github.com/yildizm/go-termfmt/terminal.go:317.17,319.3 1 0
github.com/yildizm/go-termfmt/terminal.go:321.2,321.47 1 0
github.com/yildizm/go-termfmt/terminal.go:325.88,326.17 1 0
github.com/yildizm/go-termfmt/terminal.go:326.17,328.3 1 0
github.com/yildizm/go-termfmt/terminal.go:330.2,335.25 3 0
github.com/yildizm/go-termfmt/terminal.go:335.25,336.27 1 0
github.com/yildizm/go-termfmt/terminal.go:336.27,338.4 1 0
github.com/yildizm/go-termfmt/terminal.go:341.2,341.32 1 0
github.com/yildizm/go-termfmt/terminal.go:341.32,347.3 4 0
github.com/yildizm/go-termfmt/terminal.go:349.2,349.79 1 0
